Arguments: 
  C:\Program Files\nodejs\node.exe C:\Users\New\AppData\Roaming\npm\node_modules\yarn\bin\yarn.js start

PATH: 
  C:\ProgramData\Oracle\Java\javapath;C:\Program Files (x86)\NVIDIA Corporation\PhysX\Common;C:\Program Files (x86)\Intel\iCLS Client\;C:\Program Files\Intel\iCLS Client\;C:\WINDOWS\system32;C:\WINDOWS;C:\WINDOWS\System32\Wbem;C:\WINDOWS\System32\WindowsPowerShell\v1.0\;C:\Program Files\Intel\Intel(R) Management Engine Components\DAL;C:\Program Files\Intel\Intel(R) Management Engine Components\IPT;C:\Program Files (x86)\Intel\Intel(R) Management Engine Components\DAL;C:\Program Files (x86)\Intel\Intel(R) Management Engine Components\IPT;C:\Program Files (x86)\ATI Technologies\ATI.ACE\Core-Static;C:\Program Files (x86)\AMD\ATI.ACE\Core-Static;C:\Program Files (x86)\Skype\Phone\;C:\Program Files\Microsoft SQL Server\130\Tools\Binn\;C:\Program Files (x86)\Windows Kits\8.1\Windows Performance Toolkit\;%NVM_HOME%;%NVM_SYMLINK%;C:\Program Files\Geth;C:\Program Files (x86)\GtkSharp\2.12\bin;C:\Program Files\Git\cmd;C:\Program Files\nodejs\;C:\Users\New\AppData\Local\.meteor\;C:\Users\New\AppData\Local\atom\bin;C:\Program Files (x86)\Microsoft VS Code\bin;C:\Users\New\AppData\Local\Microsoft\WindowsApps;C:\Program Files\Theme Kit\;C:\Program Files\Heroku\bin;C:\Users\New\AppData\Roaming\nvm;C:\Program Files\nodejs;C:\Users\New\AppData\Roaming\npm;;C:\Program Files\Docker Toolbox

Yarn version: 
  1.5.1

Node version: 
  8.9.1

Platform: 
  win32 x64

npm manifest: 
  No manifest

yarn manifest: 
  No manifest

Lockfile: 
  No lockfile

Trace: 
  Error: Couldn't find a package.json file in "C:\\Users\\New\\Desktop\\aggregateapi"
      at new MessageError (C:\Users\New\AppData\Roaming\npm\node_modules\yarn\lib\cli.js:186:110)
      at C:\Users\New\AppData\Roaming\npm\node_modules\yarn\lib\cli.js:40048:15
      at Generator.next (<anonymous>)
      at step (C:\Users\New\AppData\Roaming\npm\node_modules\yarn\lib\cli.js:98:30)
      at C:\Users\New\AppData\Roaming\npm\node_modules\yarn\lib\cli.js:109:13
      at <anonymous>
